0 info it worked if it ends with ok
1 verbose cli [ '/usr/bin/nodejs', '/usr/bin/npm', 'i', '--save', 'fastdom' ]
2 info using npm@3.10.9
3 info using node@v7.2.0
4 silly loadCurrentTree Starting
5 silly install loadCurrentTree
6 silly install readLocalPackageData
7 silly fetchPackageMetaData fastdom
8 silly fetchNamedPackageData fastdom
9 silly mapToRegistry name fastdom
10 silly mapToRegistry using default registry
11 silly mapToRegistry registry https://registry.npmjs.org/
12 silly mapToRegistry data Result {
12 silly mapToRegistry   raw: 'fastdom',
12 silly mapToRegistry   scope: null,
12 silly mapToRegistry   escapedName: 'fastdom',
12 silly mapToRegistry   name: 'fastdom',
12 silly mapToRegistry   rawSpec: '',
12 silly mapToRegistry   spec: 'latest',
12 silly mapToRegistry   type: 'tag' }
13 silly mapToRegistry uri https://registry.npmjs.org/fastdom
14 verbose request uri https://registry.npmjs.org/fastdom
15 verbose request no auth needed
16 info attempt registry request try #1 at 12:43:58
17 verbose request using bearer token for auth
18 verbose request id 134c23e8d6830b1f
19 http request GET https://registry.npmjs.org/fastdom
20 info retry will retry, error on last attempt: Error: tunneling socket could not be established, cause=write EPROTO 139637517244224:error:140770FC:SSL routines:SSL23_GET_SERVER_HELLO:unknown protocol:../deps/openssl/openssl/ssl/s23_clnt.c:794:
21 info attempt registry request try #2 at 12:44:08
22 verbose request using bearer token for auth
23 http request GET https://registry.npmjs.org/fastdom
24 info retry will retry, error on last attempt: Error: tunneling socket could not be established, cause=write EPROTO 139637517244224:error:140770FC:SSL routines:SSL23_GET_SERVER_HELLO:unknown protocol:../deps/openssl/openssl/ssl/s23_clnt.c:794:
25 info attempt registry request try #3 at 12:45:08
26 verbose request using bearer token for auth
27 http request GET https://registry.npmjs.org/fastdom
28 silly fetchPackageMetaData Error: tunneling socket could not be established, cause=write EPROTO 139637517244224:error:140770FC:SSL routines:SSL23_GET_SERVER_HELLO:unknown protocol:../deps/openssl/openssl/ssl/s23_clnt.c:794:
28 silly fetchPackageMetaData
28 silly fetchPackageMetaData     at ClientRequest.onError (/usr/lib/node_modules/npm/node_modules/request/node_modules/tunnel-agent/index.js:176:17)
28 silly fetchPackageMetaData     at ClientRequest.g (events.js:292:16)
28 silly fetchPackageMetaData     at emitOne (events.js:96:13)
28 silly fetchPackageMetaData     at ClientRequest.emit (events.js:188:7)
28 silly fetchPackageMetaData     at TLSSocket.socketErrorListener (_http_client.js:309:9)
28 silly fetchPackageMetaData     at emitOne (events.js:96:13)
28 silly fetchPackageMetaData     at TLSSocket.emit (events.js:188:7)
28 silly fetchPackageMetaData     at onwriteError (_stream_writable.js:346:10)
28 silly fetchPackageMetaData     at onwrite (_stream_writable.js:364:5)
28 silly fetchPackageMetaData     at WritableState.onwrite (_stream_writable.js:90:5)
28 silly fetchPackageMetaData  error for fastdom { Error: tunneling socket could not be established, cause=write EPROTO 139637517244224:error:140770FC:SSL routines:SSL23_GET_SERVER_HELLO:unknown protocol:../deps/openssl/openssl/ssl/s23_clnt.c:794:
28 silly fetchPackageMetaData
28 silly fetchPackageMetaData     at ClientRequest.onError (/usr/lib/node_modules/npm/node_modules/request/node_modules/tunnel-agent/index.js:176:17)
28 silly fetchPackageMetaData     at ClientRequest.g (events.js:292:16)
28 silly fetchPackageMetaData     at emitOne (events.js:96:13)
28 silly fetchPackageMetaData     at ClientRequest.emit (events.js:188:7)
28 silly fetchPackageMetaData     at TLSSocket.socketErrorListener (_http_client.js:309:9)
28 silly fetchPackageMetaData     at emitOne (events.js:96:13)
28 silly fetchPackageMetaData     at TLSSocket.emit (events.js:188:7)
28 silly fetchPackageMetaData     at onwriteError (_stream_writable.js:346:10)
28 silly fetchPackageMetaData     at onwrite (_stream_writable.js:364:5)
28 silly fetchPackageMetaData     at WritableState.onwrite (_stream_writable.js:90:5) code: 'ECONNRESET' }
29 silly rollbackFailedOptional Starting
30 silly rollbackFailedOptional Finishing
31 silly runTopLevelLifecycles Finishing
32 silly install printInstalled
33 verbose stack Error: tunneling socket could not be established, cause=write EPROTO 139637517244224:error:140770FC:SSL routines:SSL23_GET_SERVER_HELLO:unknown protocol:../deps/openssl/openssl/ssl/s23_clnt.c:794:
33 verbose stack
33 verbose stack     at ClientRequest.onError (/usr/lib/node_modules/npm/node_modules/request/node_modules/tunnel-agent/index.js:176:17)
33 verbose stack     at ClientRequest.g (events.js:292:16)
33 verbose stack     at emitOne (events.js:96:13)
33 verbose stack     at ClientRequest.emit (events.js:188:7)
33 verbose stack     at TLSSocket.socketErrorListener (_http_client.js:309:9)
33 verbose stack     at emitOne (events.js:96:13)
33 verbose stack     at TLSSocket.emit (events.js:188:7)
33 verbose stack     at onwriteError (_stream_writable.js:346:10)
33 verbose stack     at onwrite (_stream_writable.js:364:5)
33 verbose stack     at WritableState.onwrite (_stream_writable.js:90:5)
34 verbose cwd /home/tupkalov/work/fastdom-throttle
35 error Linux 4.4.0-66-generic
36 error argv "/usr/bin/nodejs" "/usr/bin/npm" "i" "--save" "fastdom"
37 error node v7.2.0
38 error npm  v3.10.9
39 error code ECONNRESET
40 error network tunneling socket could not be established, cause=write EPROTO 139637517244224:error:140770FC:SSL routines:SSL23_GET_SERVER_HELLO:unknown protocol:../deps/openssl/openssl/ssl/s23_clnt.c:794:
41 error network This is most likely not a problem with npm itself
41 error network and is related to network connectivity.
41 error network In most cases you are behind a proxy or have bad network settings.
41 error network
41 error network If you are behind a proxy, please make sure that the
41 error network 'proxy' config is set properly.  See: 'npm help config'
42 verbose exit [ 1, true ]
